{
  "RSpec": {
    "coverage": {
      "/Users/michaelsteinacher/Projects/birthday-challenge/app.rb": {
        "lines": [
          1,
          null,
          1,
          1,
          1,
          null,
          null,
          1,
          0,
          null,
          null,
          1,
          1,
          null,
          null
        ]
      },
      "/Users/michaelsteinacher/Projects/birthday-challenge/spec/features/home_page_spec.rb": {
        "lines": [
          1,
          1,
          1,
          null,
          1,
          1,
          1,
          null,
          null
        ]
      },
      "/Users/michaelsteinacher/Projects/birthday-challenge/spec/features/test_page._spec.rb": {
        "lines": [
          1,
          1,
          null,
          1,
          1,
          1,
          null,
          1,
          null,
          null
        ]
      }
    },
    "timestamp": 1635930899
  }
}
